<?xml version="1.0" encoding="UTF-8"?>
<testng-results ignored="0" total="12" passed="11" failed="1" skipped="0">
  <reporter-output>
  </reporter-output>
  <suite started-at="2024-05-04T15:00:56 IST" name="Surefire suite" finished-at="2024-05-04T15:01:16 IST" duration-ms="19288">
    <groups>
    </groups>
    <test started-at="2024-05-04T15:00:56 IST" name="Surefire test" finished-at="2024-05-04T15:01:16 IST" duration-ms="19288">
      <class name="api.test.TestPet">
        <test-method is-config="true" signature="setUp()[pri:0, instance:api.test.TestPet@4944252c]" started-at="2024-05-04T15:00:56 IST" name="setUp" finished-at="2024-05-04T15:00:58 IST" duration-ms="1248" status="PASS">
          <reporter-output>
          </reporter-output>
        </test-method> <!-- setUp -->
        <test-method signature="test_postPet()[pri:1, instance:api.test.TestPet@4944252c]" started-at="2024-05-04T15:00:58 IST" name="test_postPet" finished-at="2024-05-04T15:01:02 IST" duration-ms="4373" status="PASS">
          <reporter-output>
          </reporter-output>
        </test-method> <!-- test_postPet -->
        <test-method signature="test_getPet()[pri:2, instance:api.test.TestPet@4944252c]" started-at="2024-05-04T15:01:02 IST" name="test_getPet" finished-at="2024-05-04T15:01:03 IST" duration-ms="1143" status="PASS">
          <reporter-output>
          </reporter-output>
        </test-method> <!-- test_getPet -->
        <test-method signature="test_putPet()[pri:3, instance:api.test.TestPet@4944252c]" started-at="2024-05-04T15:01:03 IST" name="test_putPet" finished-at="2024-05-04T15:01:04 IST" duration-ms="1122" status="PASS">
          <reporter-output>
          </reporter-output>
        </test-method> <!-- test_putPet -->
        <test-method signature="test_deletePet()[pri:4, instance:api.test.TestPet@4944252c]" started-at="2024-05-04T15:01:04 IST" name="test_deletePet" finished-at="2024-05-04T15:01:06 IST" duration-ms="1154" status="PASS">
          <reporter-output>
          </reporter-output>
        </test-method> <!-- test_deletePet -->
      </class> <!-- api.test.TestPet -->
      <class name="api.test.TestUserExcelDriven">
        <test-method signature="testPostUser(java.lang.String,java.lang.String,java.lang.String,java.lang.String,java.lang.String,java.lang.String,java.lang.String)[pri:1, instance:api.test.TestUserExcelDriven@66498326]" started-at="2024-05-04T15:01:12 IST" name="testPostUser" data-provider="Data" finished-at="2024-05-04T15:01:13 IST" duration-ms="1128" status="PASS">
          <params>
            <param index="0">
              <value>
                <![CDATA[1020]]>
              </value>
            </param>
            <param index="1">
              <value>
                <![CDATA[arsgad]]>
              </value>
            </param>
            <param index="2">
              <value>
                <![CDATA[arshad]]>
              </value>
            </param>
            <param index="3">
              <value>
                <![CDATA[warsi]]>
              </value>
            </param>
            <param index="4">
              <value>
                <![CDATA[a.w@gmail.com]]>
              </value>
            </param>
            <param index="5">
              <value>
                <![CDATA[abc]]>
              </value>
            </param>
            <param index="6">
              <value>
                <![CDATA[9876789876]]>
              </value>
            </param>
          </params>
          <reporter-output>
          </reporter-output>
        </test-method> <!-- testPostUser -->
        <test-method signature="testPostUser(java.lang.String,java.lang.String,java.lang.String,java.lang.String,java.lang.String,java.lang.String,java.lang.String)[pri:1, instance:api.test.TestUserExcelDriven@66498326]" started-at="2024-05-04T15:01:13 IST" name="testPostUser" data-provider="Data" finished-at="2024-05-04T15:01:15 IST" duration-ms="1129" status="PASS">
          <params>
            <param index="0">
              <value>
                <![CDATA[1030]]>
              </value>
            </param>
            <param index="1">
              <value>
                <![CDATA[sanju]]>
              </value>
            </param>
            <param index="2">
              <value>
                <![CDATA[sanjay ]]>
              </value>
            </param>
            <param index="3">
              <value>
                <![CDATA[dutt]]>
              </value>
            </param>
            <param index="4">
              <value>
                <![CDATA[s.d@gmail.com]]>
              </value>
            </param>
            <param index="5">
              <value>
                <![CDATA[abc1]]>
              </value>
            </param>
            <param index="6">
              <value>
                <![CDATA[8787987678]]>
              </value>
            </param>
          </params>
          <reporter-output>
          </reporter-output>
        </test-method> <!-- testPostUser -->
        <test-method signature="testPostUser(java.lang.String,java.lang.String,java.lang.String,java.lang.String,java.lang.String,java.lang.String,java.lang.String)[pri:1, instance:api.test.TestUserExcelDriven@66498326]" started-at="2024-05-04T15:01:15 IST" name="testPostUser" data-provider="Data" finished-at="2024-05-04T15:01:16 IST" duration-ms="1129" status="PASS">
          <params>
            <param index="0">
              <value>
                <![CDATA[1040]]>
              </value>
            </param>
            <param index="1">
              <value>
                <![CDATA[maheesh]]>
              </value>
            </param>
            <param index="2">
              <value>
                <![CDATA[mahesh]]>
              </value>
            </param>
            <param index="3">
              <value>
                <![CDATA[manjrekar]]>
              </value>
            </param>
            <param index="4">
              <value>
                <![CDATA[m.m@gmail.com]]>
              </value>
            </param>
            <param index="5">
              <value>
                <![CDATA[abc12]]>
              </value>
            </param>
            <param index="6">
              <value>
                <![CDATA[6787678987]]>
              </value>
            </param>
          </params>
          <reporter-output>
          </reporter-output>
        </test-method> <!-- testPostUser -->
        <test-method signature="testDeleteUser(java.lang.String)[pri:2, instance:api.test.TestUserExcelDriven@66498326]" started-at="2024-05-04T15:01:16 IST" name="testDeleteUser" data-provider="UserNames" finished-at="2024-05-04T15:01:16 IST" duration-ms="0" status="FAIL">
          <exception class="java.lang.RuntimeException">
            <message>
              <![CDATA[java.lang.NullPointerException: Cannot invoke "org.apache.poi.xssf.usermodel.XSSFSheet.getRow(int)" because "this.sheet" is null]]>
            </message>
            <full-stacktrace>
              <![CDATA[java.lang.RuntimeException: java.lang.NullPointerException: Cannot invoke "org.apache.poi.xssf.usermodel.XSSFSheet.getRow(int)" because "this.sheet" is null
at org.testng.internal.invokers.MethodInvocationHelper.invokeMethodNoCheckedException(MethodInvocationHelper.java:57)
at org.testng.internal.invokers.MethodInvocationHelper.invokeDataProvider(MethodInvocationHelper.java:157)
at org.testng.internal.Parameters.handleParameters(Parameters.java:803)
at org.testng.internal.Parameters.handleParameters(Parameters.java:728)
at org.testng.internal.invokers.ParameterHandler.handleParameters(ParameterHandler.java:72)
at org.testng.internal.invokers.ParameterHandler.createParameters(ParameterHandler.java:51)
at org.testng.internal.invokers.TestInvoker$MethodInvocationAgent.invoke(TestInvoker.java:911)
at org.testng.internal.invokers.TestInvoker.invokeTestMethods(TestInvoker.java:200)
at org.testng.internal.invokers.TestMethodWorker.invokeTestMethods(TestMethodWorker.java:148)
at org.testng.internal.invokers.TestMethodWorker.run(TestMethodWorker.java:128)
at java.base/java.util.ArrayList.forEach(ArrayList.java:1511)
at org.testng.TestRunner.privateRun(TestRunner.java:848)
at org.testng.TestRunner.run(TestRunner.java:621)
at org.testng.SuiteRunner.runTest(SuiteRunner.java:443)
at org.testng.SuiteRunner.runSequentially(SuiteRunner.java:437)
at org.testng.SuiteRunner.privateRun(SuiteRunner.java:397)
at org.testng.SuiteRunner.run(SuiteRunner.java:336)
at org.testng.SuiteRunnerWorker.runSuite(SuiteRunnerWorker.java:52)
at org.testng.SuiteRunnerWorker.run(SuiteRunnerWorker.java:95)
at org.testng.TestNG.runSuitesSequentially(TestNG.java:1280)
at org.testng.TestNG.runSuitesLocally(TestNG.java:1200)
at org.testng.TestNG.runSuites(TestNG.java:1114)
at org.testng.TestNG.run(TestNG.java:1082)
at org.apache.maven.surefire.testng.TestNGExecutor.run(TestNGExecutor.java:155)
at org.apache.maven.surefire.testng.TestNGDirectoryTestSuite.executeMulti(TestNGDirectoryTestSuite.java:169)
at org.apache.maven.surefire.testng.TestNGDirectoryTestSuite.execute(TestNGDirectoryTestSuite.java:88)
at org.apache.maven.surefire.testng.TestNGProvider.invoke(TestNGProvider.java:137)
at org.apache.maven.surefire.booter.ForkedBooter.runSuitesInProcess(ForkedBooter.java:385)
at org.apache.maven.surefire.booter.ForkedBooter.execute(ForkedBooter.java:162)
at org.apache.maven.surefire.booter.ForkedBooter.run(ForkedBooter.java:507)
at org.apache.maven.surefire.booter.ForkedBooter.main(ForkedBooter.java:495)
Caused by: java.lang.NullPointerException: Cannot invoke "org.apache.poi.xssf.usermodel.XSSFSheet.getRow(int)" because "this.sheet" is null
at api.utilities.XLUtility.getCellData(XLUtility.java:54)
at api.utilities.DataProviders.getUserNames(DataProviders.java:37)
at java.base/jdk.internal.reflect.NativeMethodAccessorImpl.invoke0(Native Method)
at java.base/jdk.internal.reflect.NativeMethodAccessorImpl.invoke(NativeMethodAccessorImpl.java:77)
at java.base/jdk.internal.reflect.DelegatingMethodAccessorImpl.invoke(DelegatingMethodAccessorImpl.java:43)
at java.base/java.lang.reflect.Method.invoke(Method.java:568)
at org.testng.internal.invokers.MethodInvocationHelper.invokeMethod(MethodInvocationHelper.java:139)
at org.testng.internal.invokers.MethodInvocationHelper.invokeMethod(MethodInvocationHelper.java:84)
at org.testng.internal.invokers.MethodInvocationHelper.invokeMethodNoCheckedException(MethodInvocationHelper.java:53)
... 30 more
]]>
            </full-stacktrace>
          </exception> <!-- java.lang.RuntimeException -->
          <reporter-output>
          </reporter-output>
        </test-method> <!-- testDeleteUser -->
      </class> <!-- api.test.TestUserExcelDriven -->
      <class name="api.test.TestUser">
        <test-method is-config="true" signature="setUp()[pri:0, instance:api.test.TestUser@51dcb805]" started-at="2024-05-04T15:01:06 IST" name="setUp" finished-at="2024-05-04T15:01:06 IST" duration-ms="138" status="PASS">
          <reporter-output>
          </reporter-output>
        </test-method> <!-- setUp -->
        <test-method signature="test_postUser()[pri:1, instance:api.test.TestUser@51dcb805]" started-at="2024-05-04T15:01:06 IST" name="test_postUser" finished-at="2024-05-04T15:01:07 IST" duration-ms="1100" status="PASS">
          <reporter-output>
          </reporter-output>
        </test-method> <!-- test_postUser -->
        <test-method signature="test_getUser()[pri:2, instance:api.test.TestUser@51dcb805]" started-at="2024-05-04T15:01:07 IST" name="test_getUser" finished-at="2024-05-04T15:01:08 IST" duration-ms="1132" status="PASS">
          <reporter-output>
          </reporter-output>
        </test-method> <!-- test_getUser -->
        <test-method signature="test_putUser()[pri:3, instance:api.test.TestUser@51dcb805]" started-at="2024-05-04T15:01:08 IST" name="test_putUser" finished-at="2024-05-04T15:01:09 IST" duration-ms="1131" status="PASS">
          <reporter-output>
          </reporter-output>
        </test-method> <!-- test_putUser -->
        <test-method signature="test_deleteUser()[pri:4, instance:api.test.TestUser@51dcb805]" started-at="2024-05-04T15:01:09 IST" name="test_deleteUser" finished-at="2024-05-04T15:01:10 IST" duration-ms="1131" status="PASS">
          <reporter-output>
          </reporter-output>
        </test-method> <!-- test_deleteUser -->
      </class> <!-- api.test.TestUser -->
    </test> <!-- Surefire test -->
  </suite> <!-- Surefire suite -->
</testng-results>
